[2026-04-08 17:03:37] production.ERROR: The C:\#DATA\Onedrive\Apps\URGEnt\bootstrap\cache directory must be present and writable. {"exception":"[object] (Exception(code: 0): The C:\\#DATA\\Onedrive\\Apps\\URGEnt\\bootstrap\\cache directory must be present and writable. at C:/#DATA/Onedrive/Apps/URGEnt/vendor/laravel/framework/src/Illuminate/Foundation/PackageManifest.php:179)
[stacktrace]
#0 C:/#DATA/Onedrive/Apps/URGEnt/vendor/laravel/framework/src/Illuminate/Foundation/PackageManifest.php(132): Illuminate/Foundation/PackageManifest->write(Array)
#1 C:/#DATA/Onedrive/Apps/URGEnt/vendor/laravel/framework/src/Illuminate/Foundation/PackageManifest.php(108): Illuminate/Foundation/PackageManifest->build()
#2 C:/#DATA/Onedrive/Apps/URGEnt/vendor/laravel/framework/src/Illuminate/Foundation/PackageManifest.php(90): Illuminate/Foundation/PackageManifest->getManifest()
#3 C:/#DATA/Onedrive/Apps/URGEnt/vendor/laravel/framework/src/Illuminate/Foundation/PackageManifest.php(79): Illuminate/Foundation/PackageManifest->config('aliases')
#4 C:/#DATA/Onedrive/Apps/URGEnt/vendor/laravel/framework/src/Illuminate/Foundation/Bootstrap/RegisterFacades.php(26): Illuminate/Foundation/PackageManifest->aliases()
#5 C:/#DATA/Onedrive/Apps/URGEnt/vendor/laravel/framework/src/Illuminate/Foundation/Application.php(342): Illuminate/Foundation/Bootstrap/RegisterFacades->bootstrap(Object(Illuminate/Foundation/Application))
#6 C:/#DATA/Onedrive/Apps/URGEnt/vendor/laravel/framework/src/Illuminate/Foundation/Console/Kernel.php(494): Illuminate/Foundation/Application->bootstrapWith(Array)
#7 C:/#DATA/Onedrive/Apps/URGEnt/vendor/laravel/framework/src/Illuminate/Foundation/Console/Kernel.php(196): Illuminate/Foundation/Console/Kernel->bootstrap()
#8 C:/#DATA/Onedrive/Apps/URGEnt/vendor/laravel/framework/src/Illuminate/Foundation/Application.php(1235): Illuminate/Foundation/Console/Kernel->handle(Object(Symfony/Component/Console/Input/ArgvInput), Object(Symfony/Component/Console/Output/ConsoleOutput))
#9 C:/#DATA/Onedrive/Apps/URGEnt/artisan(16): Illuminate/Foundation/Application->handleCommand(Object(Symfony/Component/Console/Input/ArgvInput))
#10 {main}
"} 
[2026-04-08 17:03:37] production.ERROR: The C:\#DATA\Onedrive\Apps\URGEnt\bootstrap\cache directory must be present and writable. {"exception":"[object] (Exception(code: 0): The C:\\#DATA\\Onedrive\\Apps\\URGEnt\\bootstrap\\cache directory must be present and writable. at C:/#DATA/Onedrive/Apps/URGEnt/vendor/laravel/framework/src/Illuminate/Foundation/PackageManifest.php:179)
[stacktrace]
#0 C:/#DATA/Onedrive/Apps/URGEnt/vendor/laravel/framework/src/Illuminate/Foundation/PackageManifest.php(132): Illuminate/Foundation/PackageManifest->write(Array)
#1 C:/#DATA/Onedrive/Apps/URGEnt/vendor/laravel/framework/src/Illuminate/Foundation/PackageManifest.php(108): Illuminate/Foundation/PackageManifest->build()
#2 C:/#DATA/Onedrive/Apps/URGEnt/vendor/laravel/framework/src/Illuminate/Foundation/PackageManifest.php(90): Illuminate/Foundation/PackageManifest->getManifest()
#3 C:/#DATA/Onedrive/Apps/URGEnt/vendor/laravel/framework/src/Illuminate/Foundation/PackageManifest.php(79): Illuminate/Foundation/PackageManifest->config('aliases')
#4 C:/#DATA/Onedrive/Apps/URGEnt/vendor/laravel/framework/src/Illuminate/Foundation/Bootstrap/RegisterFacades.php(26): Illuminate/Foundation/PackageManifest->aliases()
#5 C:/#DATA/Onedrive/Apps/URGEnt/vendor/laravel/framework/src/Illuminate/Foundation/Application.php(342): Illuminate/Foundation/Bootstrap/RegisterFacades->bootstrap(Object(Illuminate/Foundation/Application))
#6 C:/#DATA/Onedrive/Apps/URGEnt/vendor/laravel/framework/src/Illuminate/Foundation/Console/Kernel.php(494): Illuminate/Foundation/Application->bootstrapWith(Array)
#7 C:/#DATA/Onedrive/Apps/URGEnt/vendor/laravel/framework/src/Illuminate/Foundation/Console/Kernel.php(196): Illuminate/Foundation/Console/Kernel->bootstrap()
#8 C:/#DATA/Onedrive/Apps/URGEnt/vendor/laravel/framework/src/Illuminate/Foundation/Application.php(1235): Illuminate/Foundation/Console/Kernel->handle(Object(Symfony/Component/Console/Input/ArgvInput), Object(Symfony/Component/Console/Output/ConsoleOutput))
#9 C:/#DATA/Onedrive/Apps/URGEnt/artisan(16): Illuminate/Foundation/Application->handleCommand(Object(Symfony/Component/Console/Input/ArgvInput))
#10 {main}
"} 
[2026-04-08 17:06:58] production.ERROR: The C:\#DATA\Onedrive\Apps\URGEnt\bootstrap\cache directory must be present and writable. {"exception":"[object] (Exception(code: 0): The C:\\#DATA\\Onedrive\\Apps\\URGEnt\\bootstrap\\cache directory must be present and writable. at C:/#DATA/Onedrive/Apps/URGEnt/vendor/laravel/framework/src/Illuminate/Foundation/PackageManifest.php:179)
[stacktrace]
#0 C:/#DATA/Onedrive/Apps/URGEnt/vendor/laravel/framework/src/Illuminate/Foundation/PackageManifest.php(132): Illuminate/Foundation/PackageManifest->write(Array)
#1 C:/#DATA/Onedrive/Apps/URGEnt/vendor/laravel/framework/src/Illuminate/Foundation/PackageManifest.php(108): Illuminate/Foundation/PackageManifest->build()
#2 C:/#DATA/Onedrive/Apps/URGEnt/vendor/laravel/framework/src/Illuminate/Foundation/PackageManifest.php(90): Illuminate/Foundation/PackageManifest->getManifest()
#3 C:/#DATA/Onedrive/Apps/URGEnt/vendor/laravel/framework/src/Illuminate/Foundation/PackageManifest.php(79): Illuminate/Foundation/PackageManifest->config('aliases')
#4 C:/#DATA/Onedrive/Apps/URGEnt/vendor/laravel/framework/src/Illuminate/Foundation/Bootstrap/RegisterFacades.php(26): Illuminate/Foundation/PackageManifest->aliases()
#5 C:/#DATA/Onedrive/Apps/URGEnt/vendor/laravel/framework/src/Illuminate/Foundation/Application.php(342): Illuminate/Foundation/Bootstrap/RegisterFacades->bootstrap(Object(Illuminate/Foundation/Application))
#6 C:/#DATA/Onedrive/Apps/URGEnt/vendor/laravel/framework/src/Illuminate/Foundation/Console/Kernel.php(494): Illuminate/Foundation/Application->bootstrapWith(Array)
#7 C:/#DATA/Onedrive/Apps/URGEnt/vendor/laravel/framework/src/Illuminate/Foundation/Console/Kernel.php(196): Illuminate/Foundation/Console/Kernel->bootstrap()
#8 C:/#DATA/Onedrive/Apps/URGEnt/vendor/laravel/framework/src/Illuminate/Foundation/Application.php(1235): Illuminate/Foundation/Console/Kernel->handle(Object(Symfony/Component/Console/Input/ArgvInput), Object(Symfony/Component/Console/Output/ConsoleOutput))
#9 C:/#DATA/Onedrive/Apps/URGEnt/artisan(16): Illuminate/Foundation/Application->handleCommand(Object(Symfony/Component/Console/Input/ArgvInput))
#10 {main}
"} 
